<?xml version="1.0" encoding="UTF-8"?>
<testsuite xmlns:xsi="http://www.w3.org/2001/XMLSchema-instance" xsi:noNamespaceSchemaLocation="https://maven.apache.org/surefire/maven-surefire-plugin/xsd/surefire-test-report.xsd" name="com.jpmorgan.test.FileTest" time="0.033" tests="10" errors="0" skipped="0" failures="0">
  <properties>
    <property name="sun.desktop" value="gnome"/>
    <property name="awt.toolkit" value="sun.awt.X11.XToolkit"/>
    <property name="file.encoding.pkg" value="sun.io"/>
    <property name="java.specification.version" value="1.8"/>
    <property name="sun.cpu.isalist" value=""/>
    <property name="sun.jnu.encoding" value="UTF-8"/>
    <property name="java.class.path" value="/home/ormaip/workspace/SettleInstructions/target/test-classes:/home/ormaip/workspace/SettleInstructions/target/classes:/home/ormaip/.m2/repository/junit/junit/4.12/junit-4.12.jar:/home/ormaip/.m2/repository/org/hamcrest/hamcrest-core/1.3/hamcrest-core-1.3.jar:/home/ormaip/.m2/repository/log4j/log4j/1.2.16/log4j-1.2.16.jar:"/>
    <property name="java.vm.vendor" value="Oracle Corporation"/>
    <property name="sun.arch.data.model" value="64"/>
    <property name="java.vendor.url" value="http://java.oracle.com/"/>
    <property name="user.timezone" value=""/>
    <property name="java.vm.specification.version" value="1.8"/>
    <property name="os.name" value="Linux"/>
    <property name="user.country" value="HU"/>
    <property name="sun.java.launcher" value="SUN_STANDARD"/>
    <property name="sun.boot.library.path" value="/opt/jdk1.8.0_65/jre/lib/amd64"/>
    <property name="sun.java.command" value="/home/ormaip/workspace/SettleInstructions/target/surefire/surefirebooter7797082893464663073.jar /home/ormaip/workspace/SettleInstructions/target/surefire 2018-02-13T20-40-56_811-jvmRun1 surefire6370356097176902333tmp surefire_03348530447304472970tmp"/>
    <property name="surefire.test.class.path" value="/home/ormaip/workspace/SettleInstructions/target/test-classes:/home/ormaip/workspace/SettleInstructions/target/classes:/home/ormaip/.m2/repository/junit/junit/4.12/junit-4.12.jar:/home/ormaip/.m2/repository/org/hamcrest/hamcrest-core/1.3/hamcrest-core-1.3.jar:/home/ormaip/.m2/repository/log4j/log4j/1.2.16/log4j-1.2.16.jar:"/>
    <property name="sun.cpu.endian" value="little"/>
    <property name="user.home" value="/home/ormaip"/>
    <property name="user.language" value="hu"/>
    <property name="java.specification.vendor" value="Oracle Corporation"/>
    <property name="java.home" value="/opt/jdk1.8.0_65/jre"/>
    <property name="basedir" value="/home/ormaip/workspace/SettleInstructions"/>
    <property name="file.separator" value="/"/>
    <property name="line.separator" value="&#10;"/>
    <property name="java.vm.specification.vendor" value="Oracle Corporation"/>
    <property name="java.specification.name" value="Java Platform API Specification"/>
    <property name="java.awt.graphicsenv" value="sun.awt.X11GraphicsEnvironment"/>
    <property name="surefire.real.class.path" value="/home/ormaip/workspace/SettleInstructions/target/surefire/surefirebooter7797082893464663073.jar"/>
    <property name="sun.boot.class.path" value="/opt/jdk1.8.0_65/jre/lib/resources.jar:/opt/jdk1.8.0_65/jre/lib/rt.jar:/opt/jdk1.8.0_65/jre/lib/sunrsasign.jar:/opt/jdk1.8.0_65/jre/lib/jsse.jar:/opt/jdk1.8.0_65/jre/lib/jce.jar:/opt/jdk1.8.0_65/jre/lib/charsets.jar:/opt/jdk1.8.0_65/jre/lib/jfr.jar:/opt/jdk1.8.0_65/jre/classes"/>
    <property name="sun.management.compiler" value="HotSpot 64-Bit Tiered Compilers"/>
    <property name="java.runtime.version" value="1.8.0_65-b17"/>
    <property name="user.name" value="ormaip"/>
    <property name="path.separator" value=":"/>
    <property name="os.version" value="4.13.0-32-generic"/>
    <property name="java.endorsed.dirs" value="/opt/jdk1.8.0_65/jre/lib/endorsed"/>
    <property name="java.runtime.name" value="Java(TM) SE Runtime Environment"/>
    <property name="file.encoding" value="UTF-8"/>
    <property name="java.vm.name" value="Java HotSpot(TM) 64-Bit Server VM"/>
    <property name="localRepository" value="/home/ormaip/.m2/repository"/>
    <property name="java.vendor.url.bug" value="http://bugreport.sun.com/bugreport/"/>
    <property name="java.io.tmpdir" value="/tmp"/>
    <property name="java.version" value="1.8.0_65"/>
    <property name="user.dir" value="/home/ormaip/workspace/SettleInstructions"/>
    <property name="os.arch" value="amd64"/>
    <property name="java.vm.specification.name" value="Java Virtual Machine Specification"/>
    <property name="java.awt.printerjob" value="sun.print.PSPrinterJob"/>
    <property name="sun.os.patch.level" value="unknown"/>
    <property name="java.library.path" value="/usr/java/packages/lib/amd64:/usr/lib64:/lib64:/lib:/usr/lib"/>
    <property name="java.vm.info" value="mixed mode"/>
    <property name="java.vendor" value="Oracle Corporation"/>
    <property name="java.vm.version" value="25.65-b01"/>
    <property name="java.ext.dirs" value="/opt/jdk1.8.0_65/jre/lib/ext:/usr/java/packages/lib/ext"/>
    <property name="sun.io.unicode.encoding" value="UnicodeLittle"/>
    <property name="java.class.version" value="52.0"/>
  </properties>
  <testcase name="whenFileNotFoundPrint" classname="com.jpmorgan.test.FileTest" time="0.002"/>
  <testcase name="whenFileFoundCountLines" classname="com.jpmorgan.test.FileTest" time="0.018"/>
  <testcase name="whenFileAllAgreedFx0to1000" classname="com.jpmorgan.test.FileTest" time="0.017"/>
  <testcase name="whenFileAllPricePerUnit005to1000000" classname="com.jpmorgan.test.FileTest" time="0.016"/>
  <testcase name="whenFileAllTruncatedEntityLength1to100" classname="com.jpmorgan.test.FileTest" time="0.021"/>
  <testcase name="whenFileHas8Column" classname="com.jpmorgan.test.FileTest" time="0.014"/>
  <testcase name="whenFileAllUnits1to1000000int" classname="com.jpmorgan.test.FileTest" time="0.019"/>
  <testcase name="whenFileAllSettlementDateIsDate" classname="com.jpmorgan.test.FileTest" time="0.029"/>
  <testcase name="whenFileContentSeparatedWithSemiolon" classname="com.jpmorgan.test.FileTest" time="0.015"/>
  <testcase name="whenFileAllInstructionDateIsDate" classname="com.jpmorgan.test.FileTest" time="0.028"/>
</testsuite>